<?xml version="1.0" encoding="UTF-8"?>
<!-- Generated by org.testng.reporters.JUnitReportReporter -->
<testsuite hostname="SHIVARAJ" failures="0" tests="1" name="com.actitime.generic.FileLib" time="0.015" errors="0" timestamp="2023-01-20T23:44:35 IST" skipped="0">
  <testcase classname="com.actitime.generic.FileLib" name="getProperty" time="0.015"/>
  <system-out/>
</testsuite> <!-- com.actitime.generic.FileLib -->
